ls
gcc main.c -o 1
./1 &
jobs
fg
jobs
fg
ls
jobs
exit
./1 &
fg
=ls
ls
jobs
fg
kill 31282
jobs
clear
exit
clear
ls -la
./1	&
jobs
fg
jobs
fg
jobs
./1 &
fg
exit
./1 &
fg
exit
fg
bg
./1 &
fg
jobs
bg 1
fg
jobs
fg
jobs
clear
exit
./1 &
jobs
fg
jobs
bg 1
bg
jobs
fg
jobs
bg
fg
jobs
clear
jobs
ps -j
exit
./1 &
jobs
fg
jobs
bg
jobs
fg
clear
exit
./1 &
fg
jobs
bg
jobs
fg
clear
exit
./1 &
fg
jobs
bg
jobs
fg
clear
exit
./1 &
fg
exit
./1 &
fg
bg
fg
exit
./1 &
ls
jobs
vim main.c
ls -la
gcc main.c -o 1
./1 &
fg
bg
ls
ps
exit
ls -la
exit
./1 &
jobs
./1 &
jobs
./1 &
jobs
exit
./1 &
jobs
./1 &
jobs
kill 86720
jobs
kill 86719
jobs
exit
./1 &
jobs
./1 &
jobs
exit
./1 &
jobs
./1 &
jobs
kill 86873
kill 86871
jobs
exit
./1 &
exit
clear
cat main.c
ls
gcc main.c -o 1
./1 &
fg
exit
./1 &
jobs
fg
fg 1
fg
jobs
fg 2
exit
clear
./1 &
jobs
fg 1
fg 2
sl
ls
exit
clear
./1 &
fg 1
fg 2
clear
exit
./1 &
jobs
fg 1
fg 2
exit
./1 &
fg 1
fg 2
exit
clear
./1 &
jobs
fg
fg 1
fg 2
exit
./1 &
fg 1
fg 2
exit
./1 &
jobs
./1 &
jobs
fg
jobs
bg
jobq
jobs
fg 1
jobs
bg
jobs
fg 3
jobs
bg
fg 2
jobs
fg
jobs
fg 1
clear
exit
./1 &
jobs
fg
jobs
fg
clear
jobs
./1 &
jobs
fg
bg
fg
bg
fg
clear
exit
